<?xml version="1.0" encoding="UTF-8" ?>
<testsuite errors="0" failures="0" hostname="s147569" name="SpellCorrectorTest" skipped="0" tests="7" time="4.262" timestamp="2016-03-26T17:51:04">
  <properties>
[...]
</properties>
  <testcase classname="SpellCorrectorTest" name="testSubstitute" time="0.002" />
  <testcase classname="SpellCorrectorTest" name="testGetCandidateWords" time="0.008" />
  <testcase classname="SpellCorrectorTest" name="testCorrectPhrase" time="0.0" />
  <testcase classname="SpellCorrectorTest" name="testDelete" time="0.0" />
  <testcase classname="SpellCorrectorTest" name="testInsert" time="0.0" />
  <testcase classname="SpellCorrectorTest" name="testTranspose" time="0.0" />
  <testcase classname="SpellCorrectorTest" name="testNoisyChannelProbability" time="0.001" />
  <system-out><![CDATA[Get candidates of word: this
	his 2.0
	thais 15.0
	thus 47.0
	this 250.0
	whis 19.0
	ths 17.0
	tris 3.0
	thin 6.0
Get candidates of word: essay
	essays 17.0
	assay 388.0
	essay 250.0
Get candidates of word: allowed
	allowed 250.0
	hallowed 6.0
	wallowed 24.0
Get candidates of word: us
	bus 14.0
	rs 4.0
	eus 20.0
	usa 16.0
	ps 0.0
	usc 27.0
	ns 2.0
	use 74.0
	hs 0.0
	ous 5.0
	ua 11.0
	fs 0.0
	usm 1.0
	uso 30.0
	bs 0.0
	ug 0.0
	uh 1.0
	usu 21.0
	uk 0.0
	ul 27.0
	um 0.0
	un 6.0
	up 7.0
	ws 2.0
	ur 14.0
	us 250.0
	ut 15.0
	ugs 1.0
	ss 0.0
	uu 0.0
	uv 0.0
	su 11.0
	os 43.0
	ms 0.0
	is 64.0
	gs 0.0
	es 44.0
	cs 0.0
	as 20.0
	s 11.0
	u 19.0
	ups 0.0
	vs 0.0
	ts 0.0
Get candidates of word: to
	tv 0.0
	lo 14.0
	tw 0.0
	ty 18.0
	ho 5.0
	do 42.0
	yo 7.0
	mo 9.0
	tao 24.0
	eo 7.0
	ao 3.0
	wto 24.0
	yto 0.0
	zo 6.0
	ro 11.0
	no 5.0
	fo 5.0
	toe 8.0
	two 4.0
	bo 4.0
	tok 0.0
	ton 70.0
	tom 9.0
	top 20.0
	too 26.0
	tot 13.0
	wo 19.0
	tos 20.0
	so 37.0
	tow 5.0
	toy 1.0
	ko 0.0
	go 19.0
	co 9.0
	ta 91.0
	tb 1.0
	o 2.0
	tc 1.0
	td 3.0
	te 116.0
	tg 0.0
	t 23.0
	th 0.0
	ti 25.0
	tk 2.0
	tm 0.0
	tho 49.0
	tn 0.0
	to 250.0
	tp 14.0
	tr 2.0
	po 6.0
	ts 4.0
Get candidates of word: measure
	measured 74.0
	measures 223.0
	measure 250.0
Get candidates of word: a
	ya 0.0
	ua 2.0
	qa 0.0
	ma 16.0
	ea 20.0
	aa 0.0
	ab 7.0
	ad 21.0
	ae 3.0
	af 5.0
	ag 18.0
	ah 8.0
	ai 61.0
	ak 4.0
	va 1.0
	al 43.0
	am 5.0
	an 53.0
	ao 0.0
	ra 28.0
	ap 9.0
	ar 98.0
	as 28.0
	na 5.0
	at 53.0
	au 62.0
	av 1.0
	ja 3.0
	ax 0.0
	ay 2.0
	az 0.0
	fa 20.0
	ba 14.0
	wa 24.0
	sa 26.0
	ka 6.0
	ga 7.0
	ca 41.0
	a 250.0
	b 0.0
	c 7.0
	d 1.0
	e 342.0
	f 0.0
	g 0.0
	h 2.0
	i 118.0
	j 0.0
	k 1.0
	l 0.0
	ta 6.0
	m 0.0
	n 3.0
	o 76.0
	p 0.0
	pa 17.0
	q 0.0
	r 1.0
	s 35.0
	t 9.0
	la 22.0
	u 9.0
	v 0.0
	w 1.0
	x 0.0
	ha 6.0
	y 5.0
	z 0.0
	da 31.0
Get candidates of word: wide
	tide 3.0
	wider 237.0
	side 3.0
	aide 2.0
	wide 250.0
	wife 0.0
	fide 0.0
	ride 6.0
	wie 13.0
	hide 2.0
	wire 43.0
	wise 30.0
	wade 103.0
	wides 223.0
	wine 3.0
Get candidates of word: variety
	variety 250.0
Get candidates of word: of
	ff 0.0
	df 3.0
	fo 0.0
	wf 0.0
	sf 4.0
	ob 15.0
	oc 0.0
	od 3.0
	oe 1.0
	of 250.0
	og 5.0
	oh 2.0
	oi 0.0
	oj 0.0
	ok 0.0
	if 25.0
	gf 0.0
	on 1.0
	ef 116.0
	op 0.0
	orf 98.0
	cf 1.0
	or 6.0
	os 4.0
	af 91.0
	f 2.0
	ou 0.0
	ov 0.0
	ox 0.0
	oz 0.0
	off 46.0
	o 2.0
	vf 0.0
	rf 2.0
	pf 14.0
	nf 0.0
	oft 8.0
Get candidates of word: conditions
	condition 156.0
	conditions 250.0
Get candidates of word: hme
	heme 20.0
	hm 17.0
	hee 0.0
	hmm 0.0
	rme 3.0
	hmo 93.0
	home 22.0
	hem 20.0
	hume 0.0
	hye 3.0
	me 3.0
	hue 13.0
	hse 9.0
	hmem 9.0
	he 0.0
]]></system-out>
  <system-err><![CDATA[]]></system-err>
</testsuite>
